2026-03-14T09:02:26+08:00 | COMP-UI-3: Wire cockpit ContextPanel to display contextual content — lift selection state, create ContextItemDetail + ContextStepDetail wrappers, route VisionTracker detail through cockpit
2026-03-14T09:04:05+08:00 | COMP-UI-3: Wire cockpit ContextPanel — thread onContextSelect through Canvas to VisionTracker, pass children to ContextPanel, remove standalone ItemDetailPanel from VisionTracker
2026-03-14T12:07:27+08:00 | Flat cockpit layout rewrite: absorb VisionTracker into App.jsx, add icon tabs, extract VisionChangesContext
2026-03-14T15:55:38+08:00 | Remove view nav from sidebar — header tabs are the sole view switcher
2026-03-14T16:00:18+08:00 | Remove view nav from sidebar, investigate empty API data
2026-03-14T16:07:10+08:00 | Import ROADMAP.md items into vision store via REST API
2026-03-14T16:14:55+08:00 | Add project switching: mutable TARGET_ROOT, /api/project/switch endpoint, re-init stores on switch
2026-03-14T18:53:14+08:00 | Improve feature scanner: parse status from design.md, assess artifact completeness, discover sub-packages, parse related docs for connections
2026-03-14T18:58:40+08:00 | Add roadmap-graph.html parser to feature scanner — import nodes as items, edges as connections
2026-03-15T00:19:40+08:00 | Merge Board+Roadmap into Board with group-by toggle; merge List+Tree into Items with flat/tree toggle
2026-03-15T00:25:07+08:00 | Remove Board, List, Roadmap, Attention views. Keep Tree+search, Graph, Pipeline, Sessions, Gates, Docs. Update tabs.
2026-03-15T00:43:29+08:00 | Rewrite DocsView: full directory tree + markdown preview pane
2026-03-15T00:50:36+08:00 | Add cross-view navigation to Docs: navigateToDocs callback, file links in context panel, back navigation
2026-03-15T00:59:34+08:00 | Tab order, Items filter toolbar + create, Docs editing, Gate count badge
2026-03-15T01:01:09+08:00 | Adding status/type filter toolbar and create button to TreeView
2026-03-15T01:01:12+08:00 | Adding edit/save capability to DocsView: edit/preview toggle, PUT /api/file endpoint, unsaved indicator, Cmd+S shortcut
2026-03-15T01:13:44+08:00 | Smart default view, recently-modified badges, collapsible graph tracks
2026-03-15T01:47:26+08:00 | Graph view: React card grid for collapsed tracks, cytoscape only for expanded single track
2026-03-15T01:52:05+08:00 | Graph: single static dagre with track compounds, sidebar checkbox filtering
2026-03-15T03:18:07+08:00 | Adding preamble overlay and annotation callouts to ops-v2-stacked.html mockup
2026-03-15T03:18:13+08:00 | Adding preamble overlay and annotation callouts to ops-v3-timeline mockup
2026-03-15T03:18:18+08:00 | Adding preamble overlay and annotation callouts to ops-v4-kanban mockup
2026-03-15T03:18:31+08:00 | Adding preamble overlay and annotation callouts to ops-v6-feature-rows mockup
2026-03-15T03:18:38+08:00 | Adding preamble overlay and annotation callouts to ops-v7a-inline-expand.html mockup
2026-03-15T03:18:42+08:00 | Adding preamble overlay and annotation callouts to ops-v7b-context-panel mockup
2026-03-15T03:18:52+08:00 | Adding preamble overlay and annotation callouts to ops-v8-hybrid.html mockup
2026-03-15T15:22:12+08:00 | Creating multiview-ops.html mockup — Ops view with shared context panel, gate popovers, animated demo
2026-03-15T15:22:34+08:00 | Creating multiview-docs.html mockup — Docs view with file tree, markdown preview, cross-view navigation
2026-03-15T16:28:03+08:00 | Rewriting final-flow-v2.html with full context panel sections, flat tree structure, and corrected content
2026-03-15T16:42:03+08:00 | Rewriting final-flow-v2.html with full context panel sections, flat tree layout, and corrected content
2026-03-15T21:30:37+08:00 | COMP-UX-1b: implementing context panel as workhorse — width logic, detail tabs, pipeline/sessions/errors/files tab components
2026-03-15T21:48:55+08:00 | COMP-UX-1c: writing pure logic module graphOpsOverlays.js and tests
2026-03-15T21:49:58+08:00 | COMP-UX-1c: adding build-state classes, badge overlays, and gate popover to GraphView
2026-03-15T21:51:10+08:00 | COMP-UX-1c: wiring buildStateMap and resolveGate through App.jsx → CockpitView → GraphView
2026-03-15T21:57:11+08:00 | COMP-UX-1c: addressing review findings — gate_pending downstream test, error badge click stub
2026-03-15T22:03:04+08:00 | COMP-UX-1c: updating CHANGELOG.md and ROADMAP.md
2026-03-15T22:10:16+08:00 | COMP-UX-1e: implementing cross-view navigation — TreeView scroll, ContextItemDetail nav links, App wiring, DocsView back label
2026-03-15T22:14:06+08:00 | COMP-UX-1e: fixing review findings — clear docs back state on tab switch, pass items to graph/tree for filter awareness
2026-03-15T22:17:43+08:00 | COMP-UX-1f: Wire agent bar to ops strip and graph overlays — build lifecycle useEffect, feature code pre-selection on chat send, OpsStrip onSelectFeature callback
2026-03-15T22:31:25+08:00 | fix P1/P2/P3: featureCode resolution, related-item selection sync, ops strip lookup
2026-03-15T23:44:54+08:00 | fix: doc path slugs too long, dimming too aggressive, context panel divider broken, gate UUIDs still showing
